mode: set
github.com/eminel9311/simplebank/db/sqlc/account.sql.go:28.96,39.2 4 1
github.com/eminel9311/simplebank/db/sqlc/account.sql.go:46.70,49.2 2 1
github.com/eminel9311/simplebank/db/sqlc/account.sql.go:56.78,67.2 4 1
github.com/eminel9311/simplebank/db/sqlc/account.sql.go:81.96,83.16 2 1
github.com/eminel9311/simplebank/db/sqlc/account.sql.go:83.16,85.3 1 0
github.com/eminel9311/simplebank/db/sqlc/account.sql.go:86.2,88.18 3 1
github.com/eminel9311/simplebank/db/sqlc/account.sql.go:88.18,96.17 2 1
github.com/eminel9311/simplebank/db/sqlc/account.sql.go:96.17,98.4 1 0
github.com/eminel9311/simplebank/db/sqlc/account.sql.go:99.3,99.27 1 1
github.com/eminel9311/simplebank/db/sqlc/account.sql.go:101.2,101.35 1 1
github.com/eminel9311/simplebank/db/sqlc/account.sql.go:101.35,103.3 1 0
github.com/eminel9311/simplebank/db/sqlc/account.sql.go:104.2,104.19 1 1
github.com/eminel9311/simplebank/db/sqlc/account.sql.go:119.96,130.2 4 1
github.com/eminel9311/simplebank/db/sqlc/db.go:20.28,22.2 1 1
github.com/eminel9311/simplebank/db/sqlc/db.go:28.46,32.2 1 0
github.com/eminel9311/simplebank/db/sqlc/entry.sql.go:26.90,36.2 4 1
github.com/eminel9311/simplebank/db/sqlc/entry.sql.go:43.74,53.2 4 1
github.com/eminel9311/simplebank/db/sqlc/entry.sql.go:69.92,71.16 2 1
github.com/eminel9311/simplebank/db/sqlc/entry.sql.go:71.16,73.3 1 0
github.com/eminel9311/simplebank/db/sqlc/entry.sql.go:74.2,76.18 3 1
github.com/eminel9311/simplebank/db/sqlc/entry.sql.go:76.18,83.17 2 1
github.com/eminel9311/simplebank/db/sqlc/entry.sql.go:83.17,85.4 1 0
github.com/eminel9311/simplebank/db/sqlc/entry.sql.go:86.3,86.27 1 1
github.com/eminel9311/simplebank/db/sqlc/entry.sql.go:88.2,88.35 1 1
github.com/eminel9311/simplebank/db/sqlc/entry.sql.go:88.35,90.3 1 0
github.com/eminel9311/simplebank/db/sqlc/entry.sql.go:91.2,91.19 1 1
github.com/eminel9311/simplebank/db/sqlc/transfer.sql.go:28.99,39.2 4 1
github.com/eminel9311/simplebank/db/sqlc/transfer.sql.go:46.80,57.2 4 1
github.com/eminel9311/simplebank/db/sqlc/transfer.sql.go:76.99,83.16 2 1
github.com/eminel9311/simplebank/db/sqlc/transfer.sql.go:83.16,85.3 1 0
github.com/eminel9311/simplebank/db/sqlc/transfer.sql.go:86.2,88.18 3 1
github.com/eminel9311/simplebank/db/sqlc/transfer.sql.go:88.18,96.17 2 1
github.com/eminel9311/simplebank/db/sqlc/transfer.sql.go:96.17,98.4 1 0
github.com/eminel9311/simplebank/db/sqlc/transfer.sql.go:99.3,99.27 1 1
github.com/eminel9311/simplebank/db/sqlc/transfer.sql.go:101.2,101.35 1 1
github.com/eminel9311/simplebank/db/sqlc/transfer.sql.go:101.35,103.3 1 0
github.com/eminel9311/simplebank/db/sqlc/transfer.sql.go:104.2,104.19 1 1
